warning: tag INPUT: input source `./DataTypes/' does not exist
warning: tag INPUT: input source `./Algorithms/' does not exist
Notice: Output directory `./documentation' does not exist. I have created it for you.
warning: source ./DataTypes is not a readable file or directory... skipping.
warning: source ./Algorithms is not a readable file or directory... skipping.
/home/travis/build/marcodeltutto/UBXSec/Modules/NeutrinoMCFlash_module.cc:35: warning: Compound NeutrinoMCFlash is not documented.
/home/travis/build/marcodeltutto/UBXSec/Modules/NeutrinoFlashMatch_module.cc:56: warning: Compound NeutrinoFlashMatch is not documented.
/home/travis/build/marcodeltutto/UBXSec/Modules/CosmicFlashMatch_module.cc:56: warning: Compound CosmicFlashMatch is not documented.
/home/travis/build/marcodeltutto/UBXSec/Modules/PhotonActivity_module.cc:40: warning: Compound PhotonActivity is not documented.
/home/travis/build/marcodeltutto/UBXSec/Modules/TPCObjectMaker_module.cc:37: warning: Compound ubana::TPCObjectMaker is not documented.
/home/travis/build/marcodeltutto/UBXSec/Modules/DeDxAna_module.cc:47: warning: Compound DeDxAna is not documented.
/home/travis/build/marcodeltutto/UBXSec/Modules/UBXSec_module.cc:79: warning: Compound ubxsec::Hit3D_t is not documented.
/home/travis/build/marcodeltutto/UBXSec/Modules/CosmicFlashMatch_module.cc:58: warning: Member CosmicFlashMatch(fhicl::ParameterSet const &p) (function) of class CosmicFlashMatch is not documented.
/home/travis/build/marcodeltutto/UBXSec/Modules/CosmicFlashMatch_module.cc:63: warning: Member CosmicFlashMatch(CosmicFlashMatch const &) (function) of class CosmicFlashMatch is not documented.
/home/travis/build/marcodeltutto/UBXSec/Modules/CosmicFlashMatch_module.cc:64: warning: Member CosmicFlashMatch(CosmicFlashMatch &&) (function) of class CosmicFlashMatch is not documented.
/home/travis/build/marcodeltutto/UBXSec/Modules/CosmicFlashMatch_module.cc:65: warning: Member operator=(CosmicFlashMatch const &) (function) of class CosmicFlashMatch is not documented.
/home/travis/build/marcodeltutto/UBXSec/Modules/CosmicFlashMatch_module.cc:66: warning: Member operator=(CosmicFlashMatch &&) (function) of class CosmicFlashMatch is not documented.
/home/travis/build/marcodeltutto/UBXSec/Modules/CosmicFlashMatch_module.cc:68: warning: Member GetTPCObjects(lar_pandora::PFParticleVector, lar_pandora::PFParticlesToTracks, lar_pandora::PFParticlesToVertices, std::vector< lar_pandora::PFParticleVector > &, std::vector< lar_pandora::TrackVector > &) (function) of class CosmicFlashMatch is not documented.
/home/travis/build/marcodeltutto/UBXSec/Modules/CosmicFlashMatch_module.cc:69: warning: Member GetQCluster(std::vector< art::Ptr< recob::Track >>) (function) of class CosmicFlashMatch is not documented.
/home/travis/build/marcodeltutto/UBXSec/Modules/CosmicFlashMatch_module.cc:70: warning: Member CollectTracksAndPFP(lar_pandora::PFParticlesToTracks, lar_pandora::PFParticleVector, art::Ptr< recob::PFParticle >, lar_pandora::PFParticleVector &, lar_pandora::TrackVector &) (function) of class CosmicFlashMatch is not documented.
/home/travis/build/marcodeltutto/UBXSec/Modules/CosmicFlashMatch_module.cc:71: warning: Member GetTrajectory(std::vector< art::Ptr< recob::Track >>,::geoalgo::Trajectory &) (function) of class CosmicFlashMatch is not documented.
/home/travis/build/marcodeltutto/UBXSec/Modules/CosmicFlashMatch_module.cc:72: warning: Member Trial(std::vector< art::Ptr< recob::Track >> track_v, flashana::Flash_t flashBeam, double &_chi2, double &_ll) (function) of class CosmicFlashMatch is not documented.
/home/travis/build/marcodeltutto/UBXSec/Modules/CosmicFlashMatch_module.cc:75: warning: Member produce(art::Event &e) override (function) of class CosmicFlashMatch is not documented.
/home/travis/build/marcodeltutto/UBXSec/Modules/DeDxAna_module.cc:49: warning: Member DeDxAna(fhicl::ParameterSet const &p) (function) of class DeDxAna is not documented.
/home/travis/build/marcodeltutto/UBXSec/Modules/DeDxAna_module.cc:54: warning: Member DeDxAna(DeDxAna const &) (function) of class DeDxAna is not documented.
/home/travis/build/marcodeltutto/UBXSec/Modules/DeDxAna_module.cc:55: warning: Member DeDxAna(DeDxAna &&) (function) of class DeDxAna is not documented.
/home/travis/build/marcodeltutto/UBXSec/Modules/DeDxAna_module.cc:56: warning: Member operator=(DeDxAna const &) (function) of class DeDxAna is not documented.
/home/travis/build/marcodeltutto/UBXSec/Modules/DeDxAna_module.cc:57: warning: Member operator=(DeDxAna &&) (function) of class DeDxAna is not documented.
/home/travis/build/marcodeltutto/UBXSec/Modules/DeDxAna_module.cc:60: warning: Member analyze(art::Event const &e) override (function) of class DeDxAna is not documented.
/home/travis/build/marcodeltutto/UBXSec/Modules/NeutrinoFlashMatch_module.cc:58: warning: Member NeutrinoFlashMatch(fhicl::ParameterSet const &p) (function) of class NeutrinoFlashMatch is not documented.
/home/travis/build/marcodeltutto/UBXSec/Modules/NeutrinoFlashMatch_module.cc:63: warning: Member NeutrinoFlashMatch(NeutrinoFlashMatch const &) (function) of class NeutrinoFlashMatch is not documented.
/home/travis/build/marcodeltutto/UBXSec/Modules/NeutrinoFlashMatch_module.cc:64: warning: Member NeutrinoFlashMatch(NeutrinoFlashMatch &&) (function) of class NeutrinoFlashMatch is not documented.
/home/travis/build/marcodeltutto/UBXSec/Modules/NeutrinoFlashMatch_module.cc:65: warning: Member operator=(NeutrinoFlashMatch const &) (function) of class NeutrinoFlashMatch is not documented.
/home/travis/build/marcodeltutto/UBXSec/Modules/NeutrinoFlashMatch_module.cc:66: warning: Member operator=(NeutrinoFlashMatch &&) (function) of class NeutrinoFlashMatch is not documented.
/home/travis/build/marcodeltutto/UBXSec/Modules/NeutrinoFlashMatch_module.cc:88: warning: Member produce(art::Event &e) override (function) of class NeutrinoFlashMatch is not documented.
/home/travis/build/marcodeltutto/UBXSec/Modules/NeutrinoMCFlash_module.cc:37: warning: Member NeutrinoMCFlash(fhicl::ParameterSet const &p) (function) of class NeutrinoMCFlash is not documented.
/home/travis/build/marcodeltutto/UBXSec/Modules/NeutrinoMCFlash_module.cc:42: warning: Member NeutrinoMCFlash(NeutrinoMCFlash const &) (function) of class NeutrinoMCFlash is not documented.
/home/travis/build/marcodeltutto/UBXSec/Modules/NeutrinoMCFlash_module.cc:43: warning: Member NeutrinoMCFlash(NeutrinoMCFlash &&) (function) of class NeutrinoMCFlash is not documented.
/home/travis/build/marcodeltutto/UBXSec/Modules/NeutrinoMCFlash_module.cc:44: warning: Member operator=(NeutrinoMCFlash const &) (function) of class NeutrinoMCFlash is not documented.
/home/travis/build/marcodeltutto/UBXSec/Modules/NeutrinoMCFlash_module.cc:45: warning: Member operator=(NeutrinoMCFlash &&) (function) of class NeutrinoMCFlash is not documented.
/home/travis/build/marcodeltutto/UBXSec/Modules/NeutrinoMCFlash_module.cc:48: warning: Member produce(art::Event &e) override (function) of class NeutrinoMCFlash is not documented.
/home/travis/build/marcodeltutto/UBXSec/Modules/PhotonActivity_module.cc:42: warning: Member PhotonActivity(fhicl::ParameterSet const &p) (function) of class PhotonActivity is not documented.
/home/travis/build/marcodeltutto/UBXSec/Modules/PhotonActivity_module.cc:47: warning: Member PhotonActivity(PhotonActivity const &) (function) of class PhotonActivity is not documented.
/home/travis/build/marcodeltutto/UBXSec/Modules/PhotonActivity_module.cc:48: warning: Member PhotonActivity(PhotonActivity &&) (function) of class PhotonActivity is not documented.
/home/travis/build/marcodeltutto/UBXSec/Modules/PhotonActivity_module.cc:49: warning: Member operator=(PhotonActivity const &) (function) of class PhotonActivity is not documented.
/home/travis/build/marcodeltutto/UBXSec/Modules/PhotonActivity_module.cc:50: warning: Member operator=(PhotonActivity &&) (function) of class PhotonActivity is not documented.
/home/travis/build/marcodeltutto/UBXSec/Modules/PhotonActivity_module.cc:53: warning: Member produce(art::Event &e) override (function) of class PhotonActivity is not documented.
/home/travis/build/marcodeltutto/UBXSec/Modules/UBXSec_module.cc:93: warning: Member UBXSec(fhicl::ParameterSet const &p) (function) of class UBXSec is not documented.
/home/travis/build/marcodeltutto/UBXSec/Modules/UBXSec_module.cc:98: warning: Member UBXSec(UBXSec const &) (function) of class UBXSec is not documented.
/home/travis/build/marcodeltutto/UBXSec/Modules/UBXSec_module.cc:99: warning: Member UBXSec(UBXSec &&) (function) of class UBXSec is not documented.
/home/travis/build/marcodeltutto/UBXSec/Modules/UBXSec_module.cc:100: warning: Member operator=(UBXSec const &) (function) of class UBXSec is not documented.
/home/travis/build/marcodeltutto/UBXSec/Modules/UBXSec_module.cc:101: warning: Member operator=(UBXSec &&) (function) of class UBXSec is not documented.
/home/travis/build/marcodeltutto/UBXSec/Modules/UBXSec_module.cc:104: warning: Member analyze(art::Event const &e) override (function) of class UBXSec is not documented.
/home/travis/build/marcodeltutto/UBXSec/Modules/TPCObjectMaker_module.cc:39: warning: Member TPCObjectMaker(fhicl::ParameterSet const &p) (function) of class ubana::TPCObjectMaker is not documented.
/home/travis/build/marcodeltutto/UBXSec/Modules/TPCObjectMaker_module.cc:44: warning: Member TPCObjectMaker(TPCObjectMaker const &) (function) of class ubana::TPCObjectMaker is not documented.
/home/travis/build/marcodeltutto/UBXSec/Modules/TPCObjectMaker_module.cc:45: warning: Member TPCObjectMaker(TPCObjectMaker &&) (function) of class ubana::TPCObjectMaker is not documented.
/home/travis/build/marcodeltutto/UBXSec/Modules/TPCObjectMaker_module.cc:46: warning: Member operator=(TPCObjectMaker const &) (function) of class ubana::TPCObjectMaker is not documented.
/home/travis/build/marcodeltutto/UBXSec/Modules/TPCObjectMaker_module.cc:47: warning: Member operator=(TPCObjectMaker &&) (function) of class ubana::TPCObjectMaker is not documented.
/home/travis/build/marcodeltutto/UBXSec/Modules/TPCObjectMaker_module.cc:50: warning: Member produce(art::Event &e) override (function) of class ubana::TPCObjectMaker is not documented.
/home/travis/build/marcodeltutto/UBXSec/Modules/TPCObjectMaker_module.cc:62: warning: argument '_particleLabel' of command @param is not found in the argument list of ubana::TPCObjectMaker::GetTPCObjects(lar_pandora::PFParticleVector pfParticleList, lar_pandora::PFParticlesToTracks pfParticleToTrackMap, lar_pandora::PFParticlesToVertices pfParticleToVertexMap, std::vector< lar_pandora::PFParticleVector > &pfp_v_v, std::vector< lar_pandora::TrackVector > &track_v_v)
/home/travis/build/marcodeltutto/UBXSec/Modules/UBXSec_module.cc:80: warning: Member x (variable) of class ubxsec::Hit3D_t is not documented.
/home/travis/build/marcodeltutto/UBXSec/Modules/UBXSec_module.cc:81: warning: Member y (variable) of class ubxsec::Hit3D_t is not documented.
/home/travis/build/marcodeltutto/UBXSec/Modules/UBXSec_module.cc:82: warning: Member z (variable) of class ubxsec::Hit3D_t is not documented.
/home/travis/build/marcodeltutto/UBXSec/Modules/UBXSec_module.cc:83: warning: Member q (variable) of class ubxsec::Hit3D_t is not documented.
Searching for include files...
Searching for example files...
Searching for images...
Searching for dot files...
Searching for msc files...
Searching for files to exclude
Searching for files to process...
Searching for files in directory /home/travis/build/marcodeltutto/UBXSec
Searching for files in directory /home/travis/build/marcodeltutto/UBXSec/Modules
Reading and parsing tag files
Preprocessing /home/travis/build/marcodeltutto/UBXSec/Modules/CosmicFlashMatch_module.cc...
Parsing file /home/travis/build/marcodeltutto/UBXSec/Modules/CosmicFlashMatch_module.cc...
Preprocessing /home/travis/build/marcodeltutto/UBXSec/Modules/DeDxAna_module.cc...
Parsing file /home/travis/build/marcodeltutto/UBXSec/Modules/DeDxAna_module.cc...
Preprocessing /home/travis/build/marcodeltutto/UBXSec/Modules/NeutrinoFlashMatch_module.cc...
Parsing file /home/travis/build/marcodeltutto/UBXSec/Modules/NeutrinoFlashMatch_module.cc...
Preprocessing /home/travis/build/marcodeltutto/UBXSec/Modules/NeutrinoMCFlash_module.cc...
Parsing file /home/travis/build/marcodeltutto/UBXSec/Modules/NeutrinoMCFlash_module.cc...
Preprocessing /home/travis/build/marcodeltutto/UBXSec/Modules/PhotonActivity_module.cc...
Parsing file /home/travis/build/marcodeltutto/UBXSec/Modules/PhotonActivity_module.cc...
Preprocessing /home/travis/build/marcodeltutto/UBXSec/Modules/TPCObjectMaker_module.cc...
Parsing file /home/travis/build/marcodeltutto/UBXSec/Modules/TPCObjectMaker_module.cc...
Preprocessing /home/travis/build/marcodeltutto/UBXSec/Modules/UBXSec_module.cc...
Parsing file /home/travis/build/marcodeltutto/UBXSec/Modules/UBXSec_module.cc...
Building group list...
Building directory list...
Building namespace list...
Building file list...
Building class list...
Associating documentation with classes...
Computing nesting relations for classes...
Building example list...
Searching for enumerations...
Searching for documented typedefs...
Searching for members imported via using declarations...
Searching for included using directives...
Searching for documented variables...
Building member list...
Searching for friends...
Searching for documented defines...
Computing class inheritance relations...
Computing class usage relations...
Flushing cached template relations that have become invalid...
Creating members for template instances...
Computing class relations...
Add enum values to enums...
Searching for member function documentation...
Building page list...
Search for main page...
Computing page relations...
Determining the scope of groups...
Sorting lists...
Freeing entry tree
Determining which enums are documented
Computing member relations...
Building full member lists recursively...
Adding members to member groups.
Computing member references...
Inheriting documentation...
Generating disk names...
Adding source references...
Adding xrefitems...
Sorting member lists...
Generating citations page...
Counting data structures...
Resolving user defined references...
Finding anchors and sections in the documentation...
Combining using relations...
Adding members to index pages...
Generating style sheet...
Generating search indices...
Generating example documentation...
Generating file sources...
Generating file documentation...
Generating page documentation...
Generating group documentation...
Generating class documentation...
Generating docs for compound CosmicFlashMatch...
Generating docs for compound DeDxAna...
Generating docs for compound NeutrinoFlashMatch...
Generating docs for compound NeutrinoMCFlash...
Generating docs for compound PhotonActivity...
Generating docs for compound UBXSec...
Generating namespace index...
Generating docs for compound ubana::TPCObjectMaker...
Generating docs for compound ubxsec::Hit3D_t...
Generating graph info page...
Generating index page...
Generating page index...
Generating module index...
Generating namespace index...
Generating namespace member index...
Generating annotated compound index...
Generating alphabetical compound index...
Generating hierarchical class index...
Generating member index...
Generating file index...
Generating file member index...
Generating example index...
finalizing index lists...
symbol cache used 275/65536 hits=4877 misses=275
lookup cache used 18/65536 hits=89 misses=18
finished...
